Using pre-set license
Built from '2020.3/staging' branch; Version is '2020.3.5f1 (8095aa901b9b) revision 8426922'; Using compiler version '192528614'; Build Type 'Release'
OS: 'Windows 10 Pro; OS build 19041.985; Version 2004; 64bit' Language: 'zh' Physical Memory: 16335 MB
BatchMode: 1, IsHumanControllingUs: 0, StartBugReporterOnCrash: 0, Is64bit: 1, IsPro: 0

 COMMAND LINE ARGUMENTS:
D:\2020.3.5f1\Editor\Unity.exe
-adb2
-batchMode
-noUpm
-name
AssetImportWorker0
-projectPath
C:/Users/syc86/Desktop/ATeamGame/ATeamGame/ShootingGame(A_team)
-logFile
Logs/AssetImportWorker0.log
-srvPort
49401
Successfully changed project path to: C:/Users/syc86/Desktop/ATeamGame/ATeamGame/ShootingGame(A_team)
C:/Users/syc86/Desktop/ATeamGame/ATeamGame/ShootingGame(A_team)
Using Asset Import Pipeline V2.
Refreshing native plugins compatible for Editor in 80.36 ms, found 0 plugins.
Preloading 0 native plugins for Editor in 0.00 ms.
Initialize engine version: 2020.3.5f1 (8095aa901b9b)
[Subsystems] Discovering subsystems at path D:/2020.3.5f1/Editor/Data/Resources/UnitySubsystems
[Subsystems] Discovering subsystems at path C:/Users/syc86/Desktop/ATeamGame/ATeamGame/ShootingGame(A_team)/Assets
GfxDevice: creating device client; threaded=0
Direct3D:
    Version:  Direct3D 11.0 [level 11.1]
    Renderer: NVIDIA GeForce GTX 1070 (ID=0x1b81)
    Vendor:   
    VRAM:     8088 MB
    Driver:   27.21.14.5671
Shader 'Universal Render Pipeline/Particles/Lit': fallback shader 'Universal Render Pipeline/Particles/SimpleLit' not found
Initialize mono
Mono path[0] = 'D:/2020.3.5f1/Editor/Data/Managed'
Mono path[1] = 'D:/2020.3.5f1/Editor/Data/MonoBleedingEdge/lib/mono/unityjit'
Mono config path = 'D:/2020.3.5f1/Editor/Data/MonoBleedingEdge/etc'
Using monoOptions --debugger-agent=transport=dt_socket,embedding=1,server=y,suspend=n,address=127.0.0.1:56716
Begin MonoManager ReloadAssembly
Registering precompiled unity dll's ...
Register platform support module: D:/2020.3.5f1/Editor/Data/PlaybackEngines/WindowsStandaloneSupport/UnityEditor.WindowsStandalone.Extensions.dll
Registered in 0.002889 seconds.
Native extension for WindowsStandalone target not found
Refreshing native plugins compatible for Editor in 55.44 ms, found 0 plugins.
Preloading 0 native plugins for Editor in 0.00 ms.
Mono: successfully reloaded assembly
- Completed reload, in  2.891 seconds
Platform modules already initialized, skipping
Registering precompiled user dll's ...
Registered in 0.008551 seconds.
Begin MonoManager ReloadAssembly
Native extension for WindowsStandalone target not found
Refreshing native plugins compatible for Editor in 66.57 ms, found 0 plugins.
Preloading 0 native plugins for Editor in 0.00 ms.
Mono: successfully reloaded assembly
- Completed reload, in  1.067 seconds
Platform modules already initialized, skipping
========================================================================
Worker process is ready to serve import requests
Shader 'Universal Render Pipeline/Particles/Lit': fallback shader 'Universal Render Pipeline/Particles/SimpleLit' not found
Launched and connected shader compiler UnityShaderCompiler.exe after 0.16 seconds
Refreshing native plugins compatible for Editor in 0.55 ms, found 0 plugins.
Preloading 0 native plugins for Editor in 0.00 ms.
Unloading 2524 Unused Serialized files (Serialized files now loaded: 0)
System memory in use before: 121.4 MB.
System memory in use after: 121.6 MB.

Unloading 12 unused Assets to reduce memory usage. Loaded Objects now: 2980.
Total: 1.948200 ms (FindLiveObjects: 0.250700 ms CreateObjectMapping: 0.116000 ms MarkObjects: 1.511300 ms  DeleteObjects: 0.069000 ms)

========================================================================
Received Import Request.
  path: Assets/Animation/Animator/Player.controller
  artifactKey: Guid(6974f38d5562e884e93301628316ae69) Importer(815301076,1909f56bfc062723c751e8b465ee728b)
Start importing Assets/Animation/Animator/Player.controller using Guid(6974f38d5562e884e93301628316ae69) Importer(815301076,1909f56bfc062723c751e8b465ee728b)  -> (artifact id: '97be54e3cf1d224e498c905e4f56e5f3') in 0.123497 seconds
  Import took 0.127736 seconds .

========================================================================
Received Import Request.
  Time since last request: 6.166124 seconds.
  path: Assets/Animation/Idle.anim
  artifactKey: Guid(1f7c314c671fc50458bbc233005592bc) Importer(815301076,1909f56bfc062723c751e8b465ee728b)
Start importing Assets/Animation/Idle.anim using Guid(1f7c314c671fc50458bbc233005592bc) Importer(815301076,1909f56bfc062723c751e8b465ee728b)  -> (artifact id: 'b863d50cc31821292050d5215c9c25fa') in 0.021170 seconds
  Import took 0.025196 seconds .

========================================================================
Received Import Request.
  Time since last request: 0.029842 seconds.
  path: Assets/Animation/Idle.anim
  artifactKey: Guid(1f7c314c671fc50458bbc233005592bc) Importer(815301076,1909f56bfc062723c751e8b465ee728b)
Start importing Assets/Animation/Idle.anim using Guid(1f7c314c671fc50458bbc233005592bc) Importer(815301076,1909f56bfc062723c751e8b465ee728b)  -> (artifact id: 'b863d50cc31821292050d5215c9c25fa') in 0.012762 seconds
  Import took 0.017417 seconds .

========================================================================
Received Import Request.
  Time since last request: 6.927456 seconds.
  path: Assets/Presets/Defaults/AlbedoTexture_Default.preset
  artifactKey: Guid(e8537455c6c08bd4e8bf0be3707da685) Importer(815301076,1909f56bfc062723c751e8b465ee728b)
Start importing Assets/Presets/Defaults/AlbedoTexture_Default.preset using Guid(e8537455c6c08bd4e8bf0be3707da685) Importer(815301076,1909f56bfc062723c751e8b465ee728b)  -> (artifact id: '6770d87ded09fcf414cdd03b3c2c73d4') in 0.073364 seconds
  Import took 0.077076 seconds .

========================================================================
Received Import Request.
  Time since last request: 0.000342 seconds.
  path: Assets/Presets/Defaults/AudioDecompressOnLoad.preset
  artifactKey: Guid(e7689051185d12f4298e1ebb2693a29f) Importer(815301076,1909f56bfc062723c751e8b465ee728b)
Start importing Assets/Presets/Defaults/AudioDecompressOnLoad.preset using Guid(e7689051185d12f4298e1ebb2693a29f) Importer(815301076,1909f56bfc062723c751e8b465ee728b)  -> (artifact id: '8b579250536312db05cf9336c5898ad5') in 0.019526 seconds
  Import took 0.023268 seconds .

========================================================================
Received Import Request.
  Time since last request: 0.000320 seconds.
  path: Assets/Presets/Defaults/DirectionalLight_Default.preset
  artifactKey: Guid(463065d4f17d1d94d848aa127b94dd43) Importer(815301076,1909f56bfc062723c751e8b465ee728b)
Start importing Assets/Presets/Defaults/DirectionalLight_Default.preset using Guid(463065d4f17d1d94d848aa127b94dd43) Importer(815301076,1909f56bfc062723c751e8b465ee728b)  -> (artifact id: '1f88aa958e74dccf63d3ab7056a87efd') in 0.009178 seconds
  Import took 0.013515 seconds .

========================================================================
Received Import Request.
  Time since last request: 0.282027 seconds.
  path: Assets/Presets/AudioCompressedInMemory.preset
  artifactKey: Guid(2dd802e4d37c65149922028d3e973832) Importer(815301076,1909f56bfc062723c751e8b465ee728b)
Start importing Assets/Presets/AudioCompressedInMemory.preset using Guid(2dd802e4d37c65149922028d3e973832) Importer(815301076,1909f56bfc062723c751e8b465ee728b)  -> (artifact id: '8053bbb0dd13abfd480234bc5abbfc44') in 0.009773 seconds
  Import took 0.013514 seconds .

========================================================================
Received Import Request.
  Time since last request: 0.000258 seconds.
  path: Assets/Presets/NormalTexture.preset
  artifactKey: Guid(14a57cf3b9fa1c74b884aa7e0dcf1faa) Importer(815301076,1909f56bfc062723c751e8b465ee728b)
Start importing Assets/Presets/NormalTexture.preset using Guid(14a57cf3b9fa1c74b884aa7e0dcf1faa) Importer(815301076,1909f56bfc062723c751e8b465ee728b)  -> (artifact id: 'bb73de39bb100e41f9166eee5bce93c7') in 0.010086 seconds
  Import took 0.014303 seconds .

========================================================================
Received Import Request.
  Time since last request: 0.000361 seconds.
  path: Assets/Presets/UtilityTexture.preset
  artifactKey: Guid(45f7b2e3c78185248b3adbb14429c2ab) Importer(815301076,1909f56bfc062723c751e8b465ee728b)
Start importing Assets/Presets/UtilityTexture.preset using Guid(45f7b2e3c78185248b3adbb14429c2ab) Importer(815301076,1909f56bfc062723c751e8b465ee728b)  -> (artifact id: '7f10aae43e45e92baca4ffd2a3ea08db') in 0.010967 seconds
  Import took 0.014351 seconds .

========================================================================
Received Import Request.
  Time since last request: 15.506261 seconds.
  path: Assets/QuarterView 3D Action BE5/Demo/Demo/Ac Player.controller
  artifactKey: Guid(f98c2a62bf9133448ba3607bcdffadb6) Importer(815301076,1909f56bfc062723c751e8b465ee728b)
Start importing Assets/QuarterView 3D Action BE5/Demo/Demo/Ac Player.controller using Guid(f98c2a62bf9133448ba3607bcdffadb6) Importer(815301076,1909f56bfc062723c751e8b465ee728b)  -> (artifact id: '395988f5c3787747728301655917f162') in 0.010601 seconds
  Import took 0.014570 seconds .

========================================================================
Received Import Request.
  Time since last request: 94.472607 seconds.
  path: Assets/Prefab/Player/Player.prefab
  artifactKey: Guid(62c84748c2dac1242815f0a60a8ef9d3) Importer(815301076,1909f56bfc062723c751e8b465ee728b)
Start importing Assets/Prefab/Player/Player.prefab using Guid(62c84748c2dac1242815f0a60a8ef9d3) Importer(815301076,1909f56bfc062723c751e8b465ee728b)  -> (artifact id: 'bf1c1c646edab6719cc484ef812b4778') in 0.305395 seconds
  Import took 0.310601 seconds .

========================================================================
Received Import Request.
  Time since last request: 28.578801 seconds.
  path: Assets/QuarterView 3D Action BE5/Demo
  artifactKey: Guid(c8491e704a9f14143aa28c65149f3d1a) Importer(815301076,1909f56bfc062723c751e8b465ee728b)
Start importing Assets/QuarterView 3D Action BE5/Demo using Guid(c8491e704a9f14143aa28c65149f3d1a) Importer(815301076,1909f56bfc062723c751e8b465ee728b)  -> (artifact id: 'aceaeba5480c1163cb837e1b6a786b3a') in 0.008195 seconds
  Import took 0.012552 seconds .

========================================================================
Received Import Request.
  Time since last request: 0.860805 seconds.
  path: Assets/QuarterView 3D Action BE5/Demo/Demo
  artifactKey: Guid(335280137d693bd498c9f8f6c35c2c4b) Importer(815301076,1909f56bfc062723c751e8b465ee728b)
Start importing Assets/QuarterView 3D Action BE5/Demo/Demo using Guid(335280137d693bd498c9f8f6c35c2c4b) Importer(815301076,1909f56bfc062723c751e8b465ee728b)  -> (artifact id: 'cd0697d9b27fbeedd816ce9d9aaff0cb') in 0.006347 seconds
  Import took 0.010292 seconds .

========================================================================
Received Import Request.
  Time since last request: 1.802205 seconds.
  path: Assets/QuarterView 3D Action BE5/Materials/Boss Rock.mat
  artifactKey: Guid(d4c08a0d5d7031e4faacea739fe5831e) Importer(815301076,1909f56bfc062723c751e8b465ee728b)
Start importing Assets/QuarterView 3D Action BE5/Materials/Boss Rock.mat using Guid(d4c08a0d5d7031e4faacea739fe5831e) Importer(815301076,1909f56bfc062723c751e8b465ee728b)  -> (artifact id: '16bceeee2f2acfe63889c3839dad8e84') in 0.045137 seconds
  Import took 0.049014 seconds .

========================================================================
Received Import Request.
  Time since last request: 0.000324 seconds.
  path: Assets/QuarterView 3D Action BE5/Materials/Enemy B.mat
  artifactKey: Guid(5084a2898f8f55840931eb7419d779e2) Importer(815301076,1909f56bfc062723c751e8b465ee728b)
Start importing Assets/QuarterView 3D Action BE5/Materials/Enemy B.mat using Guid(5084a2898f8f55840931eb7419d779e2) Importer(815301076,1909f56bfc062723c751e8b465ee728b)  -> (artifact id: 'f6515860b60fdd7b44d09a20837860f5') in 0.017443 seconds
  Import took 0.021126 seconds .

========================================================================
Received Import Request.
  Time since last request: 0.000338 seconds.
  path: Assets/QuarterView 3D Action BE5/Materials/Coin Gold.mat
  artifactKey: Guid(9badd50f88a36314a9b72ddf412b424d) Importer(815301076,1909f56bfc062723c751e8b465ee728b)
Start importing Assets/QuarterView 3D Action BE5/Materials/Coin Gold.mat using Guid(9badd50f88a36314a9b72ddf412b424d) Importer(815301076,1909f56bfc062723c751e8b465ee728b)  -> (artifact id: '2d2e0297f1cb774bba65e0f9142b6d9f') in 0.018044 seconds
  Import took 0.021870 seconds .

========================================================================
Received Import Request.
  Time since last request: 0.000375 seconds.
  path: Assets/QuarterView 3D Action BE5/Materials/Enemy A.mat
  artifactKey: Guid(0d17d5c2eb217944499e9ec56d818e63) Importer(815301076,1909f56bfc062723c751e8b465ee728b)
Start importing Assets/QuarterView 3D Action BE5/Materials/Enemy A.mat using Guid(0d17d5c2eb217944499e9ec56d818e63) Importer(815301076,1909f56bfc062723c751e8b465ee728b)  -> (artifact id: '51aa43265d5581a24b8dd0dc0ce9ca9b') in 0.019669 seconds
  Import took 0.023940 seconds .

========================================================================
Received Import Request.
  Time since last request: 0.000389 seconds.
  path: Assets/QuarterView 3D Action BE5/Materials/Ludo.mat
  artifactKey: Guid(6dff6733c81828141b8ba231dfb86cc0) Importer(815301076,1909f56bfc062723c751e8b465ee728b)
Start importing Assets/QuarterView 3D Action BE5/Materials/Ludo.mat using Guid(6dff6733c81828141b8ba231dfb86cc0) Importer(815301076,1909f56bfc062723c751e8b465ee728b)  -> (artifact id: '87c68baeaa712a3b42893466fab697f2') in 0.018031 seconds
  Import took 0.022775 seconds .

========================================================================
Received Import Request.
  Time since last request: 0.000364 seconds.
  path: Assets/QuarterView 3D Action BE5/Materials/Enemy C.mat
  artifactKey: Guid(1dcf18599fec3384ab8214aa036c77d6) Importer(815301076,1909f56bfc062723c751e8b465ee728b)
Start importing Assets/QuarterView 3D Action BE5/Materials/Enemy C.mat using Guid(1dcf18599fec3384ab8214aa036c77d6) Importer(815301076,1909f56bfc062723c751e8b465ee728b)  -> (artifact id: 'a20eb7164665683d2deab67520f146ee') in 0.019393 seconds
  Import took 0.024031 seconds .

========================================================================
Received Import Request.
  Time since last request: 0.000336 seconds.
  path: Assets/QuarterView 3D Action BE5/Materials/Coin Silver.mat
  artifactKey: Guid(985dd20c386137b49b1edeb864f32d7f) Importer(815301076,1909f56bfc062723c751e8b465ee728b)
Start importing Assets/QuarterView 3D Action BE5/Materials/Coin Silver.mat using Guid(985dd20c386137b49b1edeb864f32d7f) Importer(815301076,1909f56bfc062723c751e8b465ee728b)  -> (artifact id: '47a328046b08e48ab70335bd778814af') in 0.017429 seconds
  Import took 0.021725 seconds .

========================================================================
Received Import Request.
  Time since last request: 0.000293 seconds.
  path: Assets/QuarterView 3D Action BE5/Materials/Coin Bronze.mat
  artifactKey: Guid(861050de6f02cec41815636190c34624) Importer(815301076,1909f56bfc062723c751e8b465ee728b)
Start importing Assets/QuarterView 3D Action BE5/Materials/Coin Bronze.mat using Guid(861050de6f02cec41815636190c34624) Importer(815301076,1909f56bfc062723c751e8b465ee728b)  -> (artifact id: 'e8da946c2a87274cae0ed80acc637625') in 0.016159 seconds
  Import took 0.020430 seconds .

========================================================================
Received Import Request.
  Time since last request: 0.000328 seconds.
  path: Assets/QuarterView 3D Action BE5/Materials/Item Heart 1.mat
  artifactKey: Guid(9cefbf0299db19c4fada13b31759cbff) Importer(815301076,1909f56bfc062723c751e8b465ee728b)
Start importing Assets/QuarterView 3D Action BE5/Materials/Item Heart 1.mat using Guid(9cefbf0299db19c4fada13b31759cbff) Importer(815301076,1909f56bfc062723c751e8b465ee728b)  -> (artifact id: '7600ce3e0a9fbbd82d3482bf735b068d') in 0.017657 seconds
  Import took 0.021924 seconds .

========================================================================
Received Import Request.
  Time since last request: 0.000293 seconds.
  path: Assets/QuarterView 3D Action BE5/Materials/Item Ammo.mat
  artifactKey: Guid(584a9a6b9a1a96d4392bcb73a01b3b39) Importer(815301076,1909f56bfc062723c751e8b465ee728b)
Start importing Assets/QuarterView 3D Action BE5/Materials/Item Ammo.mat using Guid(584a9a6b9a1a96d4392bcb73a01b3b39) Importer(815301076,1909f56bfc062723c751e8b465ee728b)  -> (artifact id: 'c80bbffb66db9996fb4e23290fd96759') in 0.016632 seconds
  Import took 0.020206 seconds .

========================================================================
Received Import Request.
  Time since last request: 0.000351 seconds.
  path: Assets/QuarterView 3D Action BE5/Materials/BulletCase.mat
  artifactKey: Guid(7b09f65079094eb44b167491c6c28a3f) Importer(815301076,1909f56bfc062723c751e8b465ee728b)
Start importing Assets/QuarterView 3D Action BE5/Materials/BulletCase.mat using Guid(7b09f65079094eb44b167491c6c28a3f) Importer(815301076,1909f56bfc062723c751e8b465ee728b)  -> (artifact id: 'cc0f5035d192c5c638b832031abf53cc') in 0.016123 seconds
  Import took 0.020385 seconds .

========================================================================
Received Import Request.
  Time since last request: 0.000353 seconds.
  path: Assets/QuarterView 3D Action BE5/Materials/Enemy D.mat
  artifactKey: Guid(4d8215369ad2c9a47a74206a883a73c2) Importer(815301076,1909f56bfc062723c751e8b465ee728b)
Start importing Assets/QuarterView 3D Action BE5/Materials/Enemy D.mat using Guid(4d8215369ad2c9a47a74206a883a73c2) Importer(815301076,1909f56bfc062723c751e8b465ee728b)  -> (artifact id: 'bc6ddc55acde18cb83fc2ab293756c5a') in 0.017811 seconds
  Import took 0.021912 seconds .

========================================================================
Received Import Request.
  Time since last request: 380.836056 seconds.
  path: Assets/SimpleApocalypse/_Models/Characters/Animator/Animations_Static.fbx
  artifactKey: Guid(7039333667ba45840b1411867278ee2e) Importer(815301076,1909f56bfc062723c751e8b465ee728b)
Start importing Assets/SimpleApocalypse/_Models/Characters/Animator/Animations_Static.fbx using Guid(7039333667ba45840b1411867278ee2e) Importer(815301076,1909f56bfc062723c751e8b465ee728b)  -> (artifact id: '8cefdc940b39bde95529fcdc50a0fab3') in 0.168628 seconds
  Import took 0.173646 seconds .

========================================================================
Received Prepare
Registering precompiled user dll's ...
Registered in 0.008633 seconds.
Begin MonoManager ReloadAssembly
Native extension for WindowsStandalone target not found
Refreshing native plugins compatible for Editor in 0.54 ms, found 0 plugins.
Preloading 0 native plugins for Editor in 0.00 ms.
Mono: successfully reloaded assembly
- Completed reload, in  1.004 seconds
Platform modules already initialized, skipping
Shader 'Universal Render Pipeline/Particles/Lit': fallback shader 'Universal Render Pipeline/Particles/SimpleLit' not found
Refreshing native plugins compatible for Editor in 0.57 ms, found 0 plugins.
Preloading 0 native plugins for Editor in 0.00 ms.
Unloading 2409 Unused Serialized files (Serialized files now loaded: 0)
System memory in use before: 119.8 MB.
System memory in use after: 120.0 MB.

Unloading 7 unused Assets to reduce memory usage. Loaded Objects now: 3062.
Total: 2.194500 ms (FindLiveObjects: 0.271600 ms CreateObjectMapping: 0.124400 ms MarkObjects: 1.772200 ms  DeleteObjects: 0.025000 ms)

========================================================================
Received Import Request.
  Time since last request: 146.390069 seconds.
  path: Assets/Animation/Animator/Player.controller
  artifactKey: Guid(6974f38d5562e884e93301628316ae69) Importer(815301076,1909f56bfc062723c751e8b465ee728b)
Start importing Assets/Animation/Animator/Player.controller using Guid(6974f38d5562e884e93301628316ae69) Importer(815301076,1909f56bfc062723c751e8b465ee728b)  -> (artifact id: '589fcf8724901316501500fd552cd3c9') in 0.018797 seconds
  Import took 0.023624 seconds .

========================================================================
Received Import Request.
  Time since last request: 13.404007 seconds.
  path: Assets/QuarterView 3D Action BE5/Models
  artifactKey: Guid(d7209273a7480ad4f95a1fa251e44664) Importer(815301076,1909f56bfc062723c751e8b465ee728b)
Start importing Assets/QuarterView 3D Action BE5/Models using Guid(d7209273a7480ad4f95a1fa251e44664) Importer(815301076,1909f56bfc062723c751e8b465ee728b)  -> (artifact id: '99c88f7aa89593986d0f246a328b6b17') in 0.007687 seconds
  Import took 0.011857 seconds .

========================================================================
Received Import Request.
  Time since last request: 69.670584 seconds.
  path: Assets/QuarterView 3D Action BE5/Textures
  artifactKey: Guid(86d3d6db9a1e9364482eee52eccbecf4) Importer(815301076,1909f56bfc062723c751e8b465ee728b)
Start importing Assets/QuarterView 3D Action BE5/Textures using Guid(86d3d6db9a1e9364482eee52eccbecf4) Importer(815301076,1909f56bfc062723c751e8b465ee728b)  -> (artifact id: 'b3d9074618e2726f1239f3a1303c27ee') in 0.008291 seconds
  Import took 0.012811 seconds .

========================================================================
Received Import Request.
  Time since last request: 8.101855 seconds.
  path: Assets/QuarterView 3D Action BE5/Prefabs
  artifactKey: Guid(db54c75065f5cc541a31547319f3e0e5) Importer(815301076,1909f56bfc062723c751e8b465ee728b)
Start importing Assets/QuarterView 3D Action BE5/Prefabs using Guid(db54c75065f5cc541a31547319f3e0e5) Importer(815301076,1909f56bfc062723c751e8b465ee728b)  -> (artifact id: '116c68cea655dfa21a147360bbba9b96') in 0.008597 seconds
  Import took 0.012403 seconds .

========================================================================
Received Prepare
Registering precompiled user dll's ...
Registered in 0.007973 seconds.
Begin MonoManager ReloadAssembly
Native extension for WindowsStandalone target not found
Refreshing native plugins compatible for Editor in 0.55 ms, found 0 plugins.
Preloading 0 native plugins for Editor in 0.00 ms.
Mono: successfully reloaded assembly
- Completed reload, in  1.016 seconds
Platform modules already initialized, skipping
Shader 'Universal Render Pipeline/Particles/Lit': fallback shader 'Universal Render Pipeline/Particles/SimpleLit' not found
Refreshing native plugins compatible for Editor in 0.57 ms, found 0 plugins.
Preloading 0 native plugins for Editor in 0.00 ms.
Unloading 2409 Unused Serialized files (Serialized files now loaded: 0)
System memory in use before: 119.9 MB.
System memory in use after: 120.1 MB.

Unloading 7 unused Assets to reduce memory usage. Loaded Objects now: 3064.
Total: 2.153000 ms (FindLiveObjects: 0.281800 ms CreateObjectMapping: 0.132900 ms MarkObjects: 1.716200 ms  DeleteObjects: 0.021200 ms)

========================================================================
Received Import Request.
  Time since last request: 33.435787 seconds.
  path: Assets/Animation/Animator/Player.mask
  artifactKey: Guid(2339ac214c7a02b4f99384918932c1b8) Importer(815301076,1909f56bfc062723c751e8b465ee728b)
Start importing Assets/Animation/Animator/Player.mask using Guid(2339ac214c7a02b4f99384918932c1b8) Importer(815301076,1909f56bfc062723c751e8b465ee728b)  -> (artifact id: 'dba3183b6c3fe22b215e8ff7023445e9') in 0.024603 seconds
  Import took 0.028804 seconds .

========================================================================
Received Import Request.
  Time since last request: 50.456776 seconds.
  path: Assets/Animation/Animator/New Animation.anim
  artifactKey: Guid(b95309a81acd5a44f814a9513f89c25a) Importer(815301076,1909f56bfc062723c751e8b465ee728b)
Start importing Assets/Animation/Animator/New Animation.anim using Guid(b95309a81acd5a44f814a9513f89c25a) Importer(815301076,1909f56bfc062723c751e8b465ee728b)  -> (artifact id: 'a0e15760b2e788bb7213637a243e6ad0') in 0.009616 seconds
  Import took 0.014139 seconds .

========================================================================
Received Import Request.
  Time since last request: 0.014019 seconds.
  path: Assets/Animation/Animator/New Animation.anim
  artifactKey: Guid(b95309a81acd5a44f814a9513f89c25a) Importer(815301076,1909f56bfc062723c751e8b465ee728b)
Start importing Assets/Animation/Animator/New Animation.anim using Guid(b95309a81acd5a44f814a9513f89c25a) Importer(815301076,1909f56bfc062723c751e8b465ee728b)  -> (artifact id: 'a0e15760b2e788bb7213637a243e6ad0') in 0.007136 seconds
  Import took 0.011150 seconds .

========================================================================
Received Import Request.
  Time since last request: 52.356986 seconds.
  path: Assets/QuarterView 3D Action BE5/Demo/Demo.unity
  artifactKey: Guid(53d9a0a0e6815d94dbce121d1a39cb61) Importer(815301076,1909f56bfc062723c751e8b465ee728b)
Start importing Assets/QuarterView 3D Action BE5/Demo/Demo.unity using Guid(53d9a0a0e6815d94dbce121d1a39cb61) Importer(815301076,1909f56bfc062723c751e8b465ee728b)  -> (artifact id: '41fb59395bcc9c6ea57a8f98350d1d54') in 0.009147 seconds
  Import took 0.013144 seconds .

========================================================================
Received Import Request.
  Time since last request: 109.144785 seconds.
  path: Assets/Scenes/SampleScene/LightingData.asset
  artifactKey: Guid(3bc14b0847364534ba4b0f8eb83ed877) Importer(815301076,1909f56bfc062723c751e8b465ee728b)
Start importing Assets/Scenes/SampleScene/LightingData.asset using Guid(3bc14b0847364534ba4b0f8eb83ed877) Importer(815301076,1909f56bfc062723c751e8b465ee728b)  -> (artifact id: 'a414d68db8bd13d510ffe7e627f27f73') in 0.016931 seconds
  Import took 0.020921 seconds .

========================================================================
Received Import Request.
  Time since last request: 0.000342 seconds.
  path: Assets/Scenes/SampleScene/NavMesh.asset
  artifactKey: Guid(b86a1bf955088604984a4def8d1614b8) Importer(815301076,1909f56bfc062723c751e8b465ee728b)
Start importing Assets/Scenes/SampleScene/NavMesh.asset using Guid(b86a1bf955088604984a4def8d1614b8) Importer(815301076,1909f56bfc062723c751e8b465ee728b)  -> (artifact id: 'e405c0b7adbfb248dca4d84094bddc9b') in 0.008613 seconds
  Import took 0.012335 seconds .

========================================================================
Received Import Request.
  Time since last request: 0.000368 seconds.
  path: Assets/Scenes/SampleScene/ReflectionProbe-0.exr
  artifactKey: Guid(8ee8883d3989f75439ba1cc5fe9115b3) Importer(815301076,1909f56bfc062723c751e8b465ee728b)
Start importing Assets/Scenes/SampleScene/ReflectionProbe-0.exr using Guid(8ee8883d3989f75439ba1cc5fe9115b3) Importer(815301076,1909f56bfc062723c751e8b465ee728b)  -> (artifact id: '55e9238810b12fe68f4e059b5f2ab3ed') in 0.084423 seconds
  Import took 0.088263 seconds .

========================================================================
Received Import Request.
  Time since last request: 4.476775 seconds.
  path: Assets/Scenes/SampleScene.unity
  artifactKey: Guid(d1c3109bdb54ad54c8a2b2838528e640) Importer(815301076,1909f56bfc062723c751e8b465ee728b)
Start importing Assets/Scenes/SampleScene.unity using Guid(d1c3109bdb54ad54c8a2b2838528e640) Importer(815301076,1909f56bfc062723c751e8b465ee728b)  -> (artifact id: '6b92f1a75eb7b01b17dc7b9cc74232f7') in 0.008312 seconds
  Import took 0.012491 seconds .

========================================================================
Received Prepare
Registering precompiled user dll's ...
Registered in 0.008011 seconds.
Begin MonoManager ReloadAssembly
Native extension for WindowsStandalone target not found
Refreshing native plugins compatible for Editor in 0.55 ms, found 0 plugins.
Preloading 0 native plugins for Editor in 0.00 ms.
Mono: successfully reloaded assembly
- Completed reload, in  1.036 seconds
Platform modules already initialized, skipping
Shader 'Universal Render Pipeline/Particles/Lit': fallback shader 'Universal Render Pipeline/Particles/SimpleLit' not found
Refreshing native plugins compatible for Editor in 0.57 ms, found 0 plugins.
Preloading 0 native plugins for Editor in 0.00 ms.
Unloading 2409 Unused Serialized files (Serialized files now loaded: 0)
System memory in use before: 120.0 MB.
System memory in use after: 120.2 MB.

Unloading 7 unused Assets to reduce memory usage. Loaded Objects now: 3069.
Total: 2.167300 ms (FindLiveObjects: 0.267800 ms CreateObjectMapping: 0.103300 ms MarkObjects: 1.780600 ms  DeleteObjects: 0.014400 ms)

========================================================================
Received Prepare
Registering precompiled user dll's ...
Registered in 0.008406 seconds.
Begin MonoManager ReloadAssembly
Native extension for WindowsStandalone target not found
Refreshing native plugins compatible for Editor in 1.47 ms, found 0 plugins.
Preloading 0 native plugins for Editor in 0.00 ms.
Mono: successfully reloaded assembly
- Completed reload, in  1.267 seconds
Platform modules already initialized, skipping
Shader 'Universal Render Pipeline/Particles/Lit': fallback shader 'Universal Render Pipeline/Particles/SimpleLit' not found
Refreshing native plugins compatible for Editor in 0.55 ms, found 0 plugins.
Preloading 0 native plugins for Editor in 0.00 ms.
Unloading 2409 Unused Serialized files (Serialized files now loaded: 0)
System memory in use before: 120.0 MB.
System memory in use after: 120.2 MB.

Unloading 7 unused Assets to reduce memory usage. Loaded Objects now: 3071.
Total: 3.151000 ms (FindLiveObjects: 0.300200 ms CreateObjectMapping: 0.114700 ms MarkObjects: 2.711500 ms  DeleteObjects: 0.022700 ms)

========================================================================
Received Prepare
Registering precompiled user dll's ...
Registered in 0.008658 seconds.
Begin MonoManager ReloadAssembly
Native extension for WindowsStandalone target not found
Refreshing native plugins compatible for Editor in 0.60 ms, found 0 plugins.
Preloading 0 native plugins for Editor in 0.00 ms.
Mono: successfully reloaded assembly
- Completed reload, in  1.095 seconds
Platform modules already initialized, skipping
Shader 'Universal Render Pipeline/Particles/Lit': fallback shader 'Universal Render Pipeline/Particles/SimpleLit' not found
Refreshing native plugins compatible for Editor in 0.58 ms, found 0 plugins.
Preloading 0 native plugins for Editor in 0.00 ms.
Unloading 2409 Unused Serialized files (Serialized files now loaded: 0)
System memory in use before: 119.9 MB.
System memory in use after: 120.1 MB.

Unloading 7 unused Assets to reduce memory usage. Loaded Objects now: 3073.
Total: 2.345600 ms (FindLiveObjects: 0.308200 ms CreateObjectMapping: 0.117900 ms MarkObjects: 1.900600 ms  DeleteObjects: 0.018100 ms)

AssetImportWorkerClient::OnTransportError - code=2 error=End of file
